\BOOKMARK [0][-]{chapter.1}{\376\377\000I\000n\000t\000r\000o\000d\000u\000c\000t\000i\000o\000n}{}% 1
\BOOKMARK [1][-]{section.1.1}{\376\377\000O\000v\000e\000r\000v\000i\000e\000w}{chapter.1}% 2
\BOOKMARK [1][-]{section.1.2}{\376\377\000M\000a\000i\000n\000\040\000F\000e\000a\000t\000u\000r\000e\000s}{chapter.1}% 3
\BOOKMARK [1][-]{section.1.3}{\376\377\000L\000i\000m\000i\000t\000a\000t\000i\000o\000n\000s}{chapter.1}% 4
\BOOKMARK [1][-]{section.1.4}{\376\377\000I\000m\000p\000l\000e\000m\000e\000n\000t\000a\000t\000i\000o\000n\000\040\000E\000s\000t\000i\000m\000a\000t\000e\000s}{chapter.1}% 5
\BOOKMARK [1][-]{section.1.5}{\376\377\000S\000t\000r\000u\000c\000t\000u\000r\000e\000\040\000o\000f\000\040\000T\000h\000i\000s\000\040\000M\000a\000n\000u\000a\000l}{chapter.1}% 6
\BOOKMARK [0][-]{chapter.2}{\376\377\000I\000n\000s\000t\000r\000u\000c\000t\000i\000o\000n\000\040\000S\000e\000t\000\040\000A\000r\000c\000h\000i\000t\000e\000c\000t\000u\000r\000e}{}% 7
\BOOKMARK [1][-]{section.2.1}{\376\377\000D\000a\000t\000a\000\040\000F\000o\000r\000m\000a\000t\000s}{chapter.2}% 8
\BOOKMARK [1][-]{section.2.2}{\376\377\000I\000n\000s\000t\000r\000u\000c\000t\000i\000o\000n\000\040\000W\000o\000r\000d\000\040\000F\000o\000r\000m\000a\000t}{chapter.2}% 9
\BOOKMARK [2][-]{subsection.2.2.1}{\376\377\000C\000o\000n\000d\000i\000t\000i\000o\000n\000a\000l\000\040\000E\000x\000e\000c\000u\000t\000i\000o\000n\000\040\000\050\000C\000E\000\051}{section.2.2}% 10
\BOOKMARK [2][-]{subsection.2.2.2}{\376\377\000D\000a\000t\000a\000\040\000W\000i\000d\000t\000h\000\040\000/\000\040\000A\000d\000d\000r\000e\000s\000s\000i\000n\000g\000\040\000M\000o\000d\000e\000\040\000\050\000D\000W\000\040\000/\000\040\000A\000M\000\051}{section.2.2}% 11
\BOOKMARK [1][-]{section.2.3}{\376\377\000I\000n\000s\000t\000r\000u\000c\000t\000i\000o\000n\000\040\000C\000l\000a\000s\000s\000e\000s}{chapter.2}% 12
\BOOKMARK [2][-]{subsection.2.3.1}{\376\377\000A\000-\000t\000y\000p\000e\000:\000\040\000A\000r\000i\000t\000h\000m\000e\000t\000i\000c\000\040\000a\000n\000d\000\040\000D\000a\000t\000a\000\040\000I\000n\000s\000t\000r\000u\000c\000t\000i\000o\000n\000s}{section.2.3}% 13
\BOOKMARK [2][-]{subsection.2.3.2}{\376\377\000F\000-\000t\000y\000p\000e\000:\000\040\000C\000o\000n\000t\000r\000o\000l\000\040\000F\000l\000o\000w\000\040\000I\000n\000s\000t\000r\000u\000c\000t\000i\000o\000n\000s}{section.2.3}% 14
\BOOKMARK [2][-]{subsection.2.3.3}{\376\377\000S\000-\000t\000y\000p\000e\000:\000\040\000S\000y\000s\000t\000e\000m\000\040\000I\000n\000s\000t\000r\000u\000c\000t\000i\000o\000n\000s}{section.2.3}% 15
\BOOKMARK [1][-]{section.2.4}{\376\377\000R\000e\000g\000i\000s\000t\000e\000r\000s}{chapter.2}% 16
\BOOKMARK [2][-]{subsection.2.4.1}{\376\377\000G\000e\000n\000e\000r\000a\000l\000-\000P\000u\000r\000p\000o\000s\000e\000\040\000R\000e\000g\000i\000s\000t\000e\000r\000s}{section.2.4}% 17
\BOOKMARK [2][-]{subsection.2.4.2}{\376\377\000S\000p\000e\000c\000i\000a\000l\000\040\000R\000e\000g\000i\000s\000t\000e\000r\000s}{section.2.4}% 18
\BOOKMARK [2][-]{subsection.2.4.3}{\376\377\000C\000o\000n\000d\000i\000t\000i\000o\000n\000\040\000F\000l\000a\000g\000s}{section.2.4}% 19
\BOOKMARK [1][-]{section.2.5}{\376\377\000E\000x\000t\000e\000n\000d\000e\000d\000\040\000R\000e\000g\000i\000s\000t\000e\000r\000\040\000P\000a\000i\000r\000s}{chapter.2}% 20
\BOOKMARK [1][-]{section.2.6}{\376\377\000A\000d\000d\000r\000e\000s\000s\000i\000n\000g}{chapter.2}% 21
\BOOKMARK [1][-]{section.2.7}{\376\377\000S\000t\000a\000c\000k}{chapter.2}% 22
\BOOKMARK [1][-]{section.2.8}{\376\377\000C\000a\000l\000l\000i\000n\000g\000\040\000S\000u\000b\000r\000o\000u\000t\000i\000n\000e\000s}{chapter.2}% 23
\BOOKMARK [0][-]{chapter.3}{\376\377\000I\000n\000t\000e\000r\000r\000u\000p\000t\000\040\000a\000n\000d\000\040\000E\000x\000c\000e\000p\000t\000i\000o\000n\000\040\000S\000y\000s\000t\000e\000m}{}% 24
\BOOKMARK [1][-]{section.3.1}{\376\377\000O\000v\000e\000r\000v\000i\000e\000w}{chapter.3}% 25
\BOOKMARK [1][-]{section.3.2}{\376\377\000I\000n\000t\000e\000r\000r\000u\000p\000t\000\040\000V\000e\000c\000t\000o\000r\000s\000\040\000a\000n\000d\000\040\000P\000r\000i\000o\000r\000i\000t\000y}{chapter.3}% 26
\BOOKMARK [1][-]{section.3.3}{\376\377\000I\000n\000t\000e\000r\000r\000u\000p\000t\000\040\000C\000o\000n\000t\000r\000o\000l\000l\000e\000r\000\040\000R\000e\000g\000i\000s\000t\000e\000r\000\040\000\050\000R\000I\000C\000\051}{chapter.3}% 27
\BOOKMARK [1][-]{section.3.4}{\376\377\000I\000n\000t\000e\000r\000r\000u\000p\000t\000\040\000V\000e\000c\000t\000o\000r\000\040\000T\000a\000b\000l\000e\000\040\000\050\000R\000I\000V\000\051}{chapter.3}% 28
\BOOKMARK [1][-]{section.3.5}{\376\377\000H\000a\000r\000d\000w\000a\000r\000e\000\040\000I\000n\000t\000e\000r\000r\000u\000p\000t\000\040\000E\000n\000t\000r\000y\000\040\000S\000e\000q\000u\000e\000n\000c\000e}{chapter.3}% 29
\BOOKMARK [1][-]{section.3.6}{\376\377\000R\000e\000t\000u\000r\000n\000i\000n\000g\000\040\000f\000r\000o\000m\000\040\000I\000n\000t\000e\000r\000r\000u\000p\000t\000s\000\040\000\050\000I\000R\000E\000T\000\051}{chapter.3}% 30
\BOOKMARK [1][-]{section.3.7}{\376\377\000S\000o\000f\000t\000w\000a\000r\000e\000\040\000I\000n\000t\000e\000r\000r\000u\000p\000t\000s}{chapter.3}% 31
\BOOKMARK [1][-]{section.3.8}{\376\377\000P\000r\000i\000v\000i\000l\000e\000g\000e\000\040\000F\000a\000u\000l\000t\000s}{chapter.3}% 32
\BOOKMARK [1][-]{section.3.9}{\376\377\000I\000l\000l\000e\000g\000a\000l\000\040\000O\000p\000c\000o\000d\000e\000\040\000F\000a\000u\000l\000t\000s}{chapter.3}% 33
\BOOKMARK [0][-]{chapter.4}{\376\377\000M\000e\000m\000o\000r\000y\000\040\000O\000r\000g\000a\000n\000i\000s\000a\000t\000i\000o\000n}{}% 34
\BOOKMARK [1][-]{section.4.1}{\376\377\000A\000d\000d\000r\000e\000s\000s\000\040\000S\000p\000a\000c\000e}{chapter.4}% 35
\BOOKMARK [1][-]{section.4.2}{\376\377\000I\000n\000s\000t\000r\000u\000c\000t\000i\000o\000n\000\040\000B\000u\000s}{chapter.4}% 36
\BOOKMARK [1][-]{section.4.3}{\376\377\000D\000a\000t\000a\000\040\000B\000u\000s}{chapter.4}% 37
\BOOKMARK [1][-]{section.4.4}{\376\377\000M\000e\000m\000o\000r\000y\000-\000M\000a\000p\000p\000e\000d\000\040\000P\000e\000r\000i\000p\000h\000e\000r\000a\000l\000s}{chapter.4}% 38
\BOOKMARK [0][-]{chapter.5}{\376\377\000H\000a\000r\000d\000w\000a\000r\000e\000\040\000A\000r\000c\000h\000i\000t\000e\000c\000t\000u\000r\000e}{}% 39
\BOOKMARK [1][-]{section.5.1}{\376\377\000P\000i\000p\000e\000l\000i\000n\000e\000\040\000O\000v\000e\000r\000v\000i\000e\000w}{chapter.5}% 40
\BOOKMARK [1][-]{section.5.2}{\376\377\000M\000i\000c\000r\000o\000-\000S\000e\000q\000u\000e\000n\000c\000e\000r}{chapter.5}% 41
\BOOKMARK [1][-]{section.5.3}{\376\377\000H\000a\000z\000a\000r\000d\000\040\000H\000a\000n\000d\000l\000i\000n\000g}{chapter.5}% 42
\BOOKMARK [2][-]{subsection.5.3.1}{\376\377\000R\000A\000W\000\040\000H\000a\000z\000a\000r\000d\000s}{section.5.3}% 43
\BOOKMARK [2][-]{subsection.5.3.2}{\376\377\000B\000r\000a\000n\000c\000h\000\040\000H\000a\000z\000a\000r\000d\000s}{section.5.3}% 44
\BOOKMARK [2][-]{subsection.5.3.3}{\376\377\000I\000n\000t\000e\000r\000r\000u\000p\000t\000\040\000H\000a\000z\000a\000r\000d\000s}{section.5.3}% 45
\BOOKMARK [1][-]{section.5.4}{\376\377\000L\000O\000A\000D\000I\000M\000M\000\040\000a\000n\000d\000\040\0002\000-\000W\000o\000r\000d\000\040\000I\000n\000s\000t\000r\000u\000c\000t\000i\000o\000n\000s}{chapter.5}% 46
\BOOKMARK [1][-]{section.5.5}{\376\377\000P\000C\000\040\000M\000a\000n\000a\000g\000e\000m\000e\000n\000t}{chapter.5}% 47
\BOOKMARK [1][-]{section.5.6}{\376\377\000C\000o\000n\000t\000r\000o\000l\000\040\000W\000o\000r\000d\000\040\000R\000O\000M}{chapter.5}% 48
\BOOKMARK [0][-]{chapter.6}{\376\377\000I\000n\000t\000e\000g\000r\000a\000t\000i\000o\000n\000\040\000a\000n\000d\000\040\000S\000y\000n\000t\000h\000e\000s\000i\000s}{}% 49
\BOOKMARK [1][-]{section.6.1}{\376\377\000T\000o\000p\000-\000L\000e\000v\000e\000l\000\040\000P\000o\000r\000t\000s}{chapter.6}% 50
\BOOKMARK [1][-]{section.6.2}{\376\377\000C\000l\000o\000c\000k\000\040\000a\000n\000d\000\040\000R\000e\000s\000e\000t}{chapter.6}% 51
\BOOKMARK [1][-]{section.6.3}{\376\377\000C\000o\000n\000n\000e\000c\000t\000i\000n\000g\000\040\000t\000o\000\040\000t\000h\000e\000\040\000M\000e\000m\000o\000r\000y\000\040\000B\000u\000s}{chapter.6}% 52
\BOOKMARK [1][-]{section.6.4}{\376\377\000I\000n\000t\000e\000r\000r\000u\000p\000t\000\040\000W\000i\000r\000i\000n\000g}{chapter.6}% 53
\BOOKMARK [1][-]{section.6.5}{\376\377\000S\000y\000n\000t\000h\000e\000s\000i\000s\000\040\000G\000u\000i\000d\000e\000l\000i\000n\000e\000s}{chapter.6}% 54
\BOOKMARK [2][-]{subsection.6.5.1}{\376\377\000B\000R\000A\000M\000\040\000I\000n\000f\000e\000r\000e\000n\000c\000e}{section.6.5}% 55
\BOOKMARK [2][-]{subsection.6.5.2}{\376\377\000T\000i\000m\000i\000n\000g}{section.6.5}% 56
\BOOKMARK [2][-]{subsection.6.5.3}{\376\377\000O\000p\000t\000i\000m\000i\000s\000i\000n\000g\000\040\000f\000o\000r\000\040\000A\000r\000e\000a}{section.6.5}% 57
\BOOKMARK [0][-]{chapter.7}{\376\377\000S\000i\000m\000u\000l\000a\000t\000i\000o\000n}{}% 58
\BOOKMARK [1][-]{section.7.1}{\376\377\000T\000e\000s\000t\000b\000e\000n\000c\000h\000\040\000O\000v\000e\000r\000v\000i\000e\000w}{chapter.7}% 59
\BOOKMARK [1][-]{section.7.2}{\376\377\000T\000e\000s\000t\000\040\000S\000u\000i\000t\000e\000s}{chapter.7}% 60
\BOOKMARK [1][-]{section.7.3}{\376\377\000B\000u\000i\000l\000d\000\040\000S\000y\000s\000t\000e\000m}{chapter.7}% 61
\BOOKMARK [2][-]{subsection.7.3.1}{\376\377\000R\000u\000n\000n\000i\000n\000g\000\040\000S\000i\000m\000u\000l\000a\000t\000i\000o\000n}{section.7.3}% 62
\BOOKMARK [2][-]{subsection.7.3.2}{\376\377\000S\000y\000n\000t\000h\000e\000s\000i\000s}{section.7.3}% 63
\BOOKMARK [1][-]{section.7.4}{\376\377\000R\000e\000q\000u\000i\000r\000e\000m\000e\000n\000t\000s}{chapter.7}% 64
\BOOKMARK [0][-]{chapter.8}{\376\377\000A\000s\000s\000e\000m\000b\000l\000e\000r}{}% 65
\BOOKMARK [1][-]{section.8.1}{\376\377\000O\000v\000e\000r\000v\000i\000e\000w}{chapter.8}% 66
\BOOKMARK [1][-]{section.8.2}{\376\377\000U\000s\000a\000g\000e}{chapter.8}% 67
\BOOKMARK [1][-]{section.8.3}{\376\377\000R\000e\000g\000i\000s\000t\000e\000r\000\040\000S\000y\000n\000t\000a\000x}{chapter.8}% 68
\BOOKMARK [1][-]{section.8.4}{\376\377\000M\000n\000e\000m\000o\000n\000i\000c\000s\000\040\000a\000n\000d\000\040\000S\000u\000f\000f\000i\000x\000e\000s}{chapter.8}% 69
\BOOKMARK [1][-]{section.8.5}{\376\377\000A\000d\000d\000r\000e\000s\000s\000i\000n\000g\000\040\000M\000o\000d\000e\000s\000\040\000f\000o\000r\000\040\000J\000\040\000a\000n\000d\000\040\000C\000A\000L\000L}{chapter.8}% 70
\BOOKMARK [1][-]{section.8.6}{\376\377\000L\000O\000A\000D\000I\000M\000M}{chapter.8}% 71
\BOOKMARK [1][-]{section.8.7}{\376\377\000D\000i\000r\000e\000c\000t\000i\000v\000e\000s}{chapter.8}% 72
\BOOKMARK [1][-]{section.8.8}{\376\377\000L\000a\000b\000e\000l\000s}{chapter.8}% 73
\BOOKMARK [1][-]{section.8.9}{\376\377\000N\000u\000m\000b\000e\000r\000\040\000L\000i\000t\000e\000r\000a\000l\000s}{chapter.8}% 74
\BOOKMARK [1][-]{section.8.10}{\376\377\000C\000o\000m\000m\000e\000n\000t\000s}{chapter.8}% 75
\BOOKMARK [0][-]{appendix.A}{\376\377\000I\000n\000s\000t\000r\000u\000c\000t\000i\000o\000n\000\040\000S\000e\000t\000\040\000R\000e\000f\000e\000r\000e\000n\000c\000e}{}% 76
\BOOKMARK [1][-]{section.A.1}{\376\377\000I\000n\000s\000t\000r\000u\000c\000t\000i\000o\000n\000\040\000L\000i\000s\000t\000i\000n\000g\000\040\000b\000y\000\040\000G\000r\000o\000u\000p}{appendix.A}% 77
\BOOKMARK [1][-]{section.A.2}{\376\377\000I\000n\000s\000t\000r\000u\000c\000t\000i\000o\000n\000\040\000D\000e\000s\000c\000r\000i\000p\000t\000i\000o\000n\000s}{appendix.A}% 78
\BOOKMARK [0][-]{appendix.B}{\376\377\000A\000s\000s\000e\000m\000b\000l\000e\000r\000\040\000L\000a\000n\000g\000u\000a\000g\000e\000\040\000R\000e\000f\000e\000r\000e\000n\000c\000e}{}% 79
\BOOKMARK [1][-]{section.B.1}{\376\377\000S\000o\000u\000r\000c\000e\000\040\000F\000i\000l\000e\000\040\000F\000o\000r\000m\000a\000t}{appendix.B}% 80
\BOOKMARK [1][-]{section.B.2}{\376\377\000C\000o\000m\000m\000e\000n\000t\000s}{appendix.B}% 81
\BOOKMARK [1][-]{section.B.3}{\376\377\000L\000a\000b\000e\000l\000s}{appendix.B}% 82
\BOOKMARK [1][-]{section.B.4}{\376\377\000N\000u\000m\000b\000e\000r\000\040\000L\000i\000t\000e\000r\000a\000l\000s}{appendix.B}% 83
\BOOKMARK [1][-]{section.B.5}{\376\377\000S\000t\000r\000i\000n\000g\000\040\000E\000s\000c\000a\000p\000e\000\040\000S\000e\000q\000u\000e\000n\000c\000e\000s}{appendix.B}% 84
\BOOKMARK [0][-]{appendix.C}{\376\377\000C\000o\000n\000t\000r\000o\000l\000\040\000W\000o\000r\000d\000\040\000L\000a\000y\000o\000u\000t}{}% 85
\BOOKMARK [0][-]{appendix.D}{\376\377\000R\000e\000g\000i\000s\000t\000e\000r\000\040\000F\000i\000l\000e}{}% 86
